<?xml version="1.0" encoding="UTF-8"?>
<!-- Generated by org.testng.reporters.JUnitReportReporter -->
<testsuite hostname="LAPTOP-JM8RN7EK" failures="0" tests="1" name="com.EcomDemo.TestCases.TC_SortMobiles_001" time="9.300" errors="0" timestamp="2022-08-09T16:43:18 IST" skipped="0">
  <testcase classname="com.EcomDemo.TestCases.TC_SortMobiles_001" name="SortMobiles" time="9.300"/>
  <system-out/>
</testsuite> <!-- com.EcomDemo.TestCases.TC_SortMobiles_001 -->
